0x0000: 33070164
0x0101: 847545217
0x0100: 106658950
0x0001: 12725669
other: 0
	Command being timed: "./a.out"
	User time (seconds): 70.15
	System time (seconds): 0.00
	Percent of CPU this job got: 195%
	Elapsed (wall clock) time (h:mm:ss or m:ss): 0:35.81
	Average shared text size (kbytes): 0
	Average unshared data size (kbytes): 0
	Average stack size (kbytes): 0
	Average total size (kbytes): 0
	Maximum resident set size (kbytes): 1640
	Average resident set size (kbytes): 0
	Major (requiring I/O) page faults: 0
	Minor (reclaiming a frame) page faults: 500
	Voluntary context switches: 7
	Involuntary context switches: 199
	Swaps: 0
	File system inputs: 0
	File system outputs: 0
	Socket messages sent: 0
	Socket messages received: 0
	Signals delivered: 0
	Page size (bytes): 4096
	Exit status: 0
